Arguments: 
  C:\Program Files\nodejs\node.exe C:\Users\babar\AppData\Roaming\npm\node_modules\yarn\bin\yarn.js add nativewind

PATH: 
  C:\Program Files\Microsoft\jdk-11.0.16.101-hotspot\bin;C:\Program Files\Common Files\Oracle\Java\javapath;C:\WINDOWS\system32;C:\WINDOWS;C:\WINDOWS\System32\Wbem;C:\WINDOWS\System32\WindowsPowerShell\v1.0\;C:\WINDOWS\System32\OpenSSH\;C:\Program Files\Java\jdk-17.0.4\bin;C:\Program Files\nodejs\;C:\ProgramData\chocolatey\bin;C:\Users\babar\AppData\Local\Android\Sdk\platform-tools;C:\Program Files\Git\cmd;C:\Users\babar\AppData\Local\Microsoft\WindowsApps;C:\Users\babar\AppData\Roaming\npm;C:\Users\babar\AppData\Local\Android\Sdk;C:\Users\babar\AppData\Local\Programs\Microsoft VS Code\bin;C:\Users\babar\AppData\Local\Android\Sdk\platform-tools;C:\Users\babar\AppData\Local\GitHubDesktop\bin

Yarn version: 
  1.22.19

Node version: 
  18.13.0

Platform: 
  win32 x64

Trace: 
  Error: ENOENT: no such file or directory, copyfile 'C:\Users\babar\AppData\Local\Yarn\Cache\v6\npm-debug-4.3.4-1319f6579357f2338d3337d2cdd4914bb5dcc865-integrity\node_modules\debug\src\browser.js' -> 'D:\React Native Expo\Bank\node_modules\@babel\traverse\node_modules\debug\src\browser.js'

npm manifest: 
  {
    "name": "leased",
    "version": "1.0.0",
    "main": "node_modules/expo/AppEntry.js",
    "scripts": {
      "start": "expo start",
      "android": "expo start --android",
      "ios": "expo start --ios",
      "web": "expo start --web"
    },
    "dependencies": {
      "@react-navigation/bottom-tabs": "^6.5.4",
      "@react-navigation/drawer": "^6.6.2",
      "@react-navigation/native-stack": "^6.9.9",
      "@react-navigation/stack": "^6.3.12",
      "expo": "~47.0.12",
      "expo-status-bar": "~1.4.2",
      "react": "18.1.0",
      "react-native": "0.70.5",
      "react-native-gesture-handler": "~2.8.0",
      "react-native-paper": "^5.3.1",
      "react-native-reanimated": "~2.12.0",
      "react-native-safe-area-context": "4.4.1",
      "react-native-screens": "~3.18.0",
      "react-native-svg": "13.4.0",
      "react-native-vector-icons": "^9.2.0"
    },
    "devDependencies": {
      "@babel/core": "^7.12.9"
    },
    "private": true
  }

yarn manifest: 
  No manifest

Lockfile: 
  No lockfile
